chr01	12272	+	14	24
chr01	12365	-	11	24
chr01	27874	-	3	5
chr01	27920	-	4	9
chr01	28548	+	12	29
chr01	39812	-	9	18
chr01	152584	+	10	21
chr01	152591	-	8	19
chr01	178615	+	2	4
chr01	277664	+	4	9
chr01	278318	+	3	7
chr01	357026	-	3	6
chr01	365140	+	3	5
chr01	376781	-	9	15
chr01	431249	+	6	14
chr01	499699	-	6	10
chr01	534036	+	9	15
chr01	695210	-	4	9
chr01	695234	+	5	10
chr01	783669	-	7	16
chr01	942218	+	7	15
chr01	976475	-	3	6
chr01	979465	+	3	5
chr01	1022861	-	2	4
chr01	1022875	+	2	4
chr01	1080276	+	11	25
chr01	1086513	+	11	20
chr01	1192425	+	10	17
chr01	1192578	+	3	7
chr01	1194953	+	3	5
